<beans xmlns="http://www.springframework.org/schema/beans"
        xmlns:xsi="http://www.w3.org/2001/XMLSchema-instance"
        xsi:schemaLocation="http://www.springframework.org/schema/beans http://www.springframework.org/schema/beans/spring-beans-3.0.xsd">

    <import resource="daoContext.xml"/>

    <bean id="jdbcTemplate" class="org.springframework.jdbc.core.JdbcTemplate">
        <property name="dataSource" ref="dataSource"/>
    </bean>

    <bean id="sessionFactory" class="org.springframework.orm.hibernate3.annotation.AnnotationSessionFactoryBean">
        <property name="packagesToScan" value="com.hedgebenefits.domain"/>
        <property name="dataSource" ref="dataSource"/>
        <property name="namingStrategy" ref="namingStrategy"/>
        <property name="hibernateProperties">
            <value>
                hibernate.dialect=org.hibernate.dialect.MySQLDialect
                hibernate.show_sql=true
                hibernate.hbm2ddl.auto=create
            </value>
        </property>
    </bean>
    
</beans>